<?xml version="1.0" encoding="UTF-8"?>
<testsuite xmlns:xsi="http://www.w3.org/2001/XMLSchema-instance" xsi:noNamespaceSchemaLocation="https://maven.apache.org/surefire/maven-surefire-plugin/xsd/surefire-test-report-3.0.xsd" version="3.0" name="PizzaTests" time="0.115" tests="18" errors="0" skipped="0" failures="0">
  <properties>
    <property name="java.specification.version" value="21"/>
    <property name="sun.jnu.encoding" value="UTF-8"/>
    <property name="java.class.path" value="/workspaces/2102-Lab-3/pizza/target/test-classes:/workspaces/2102-Lab-3/pizza/target/classes:/home/codespace/.m2/repository/junit/junit/4.13.2/junit-4.13.2.jar:/home/codespace/.m2/repository/org/hamcrest/hamcrest-core/1.3/hamcrest-core-1.3.jar:"/>
    <property name="java.vm.vendor" value="Microsoft"/>
    <property name="sun.arch.data.model" value="64"/>
    <property name="java.vendor.url" value="https://www.microsoft.com"/>
    <property name="os.name" value="Linux"/>
    <property name="java.vm.specification.version" value="21"/>
    <property name="sun.java.launcher" value="SUN_STANDARD"/>
    <property name="sun.boot.library.path" value="/usr/local/sdkman/candidates/java/21.0.4-ms/lib"/>
    <property name="sun.java.command" value="/workspaces/2102-Lab-3/pizza/target/surefire/surefirebooter-20241008023737705_3.jar /workspaces/2102-Lab-3/pizza/target/surefire 2024-10-08T02-37-36_795-jvmRun1 surefire-20241008023737705_1tmp surefire_0-20241008023737705_2tmp"/>
    <property name="jdk.debug" value="release"/>
    <property name="surefire.test.class.path" value="/workspaces/2102-Lab-3/pizza/target/test-classes:/workspaces/2102-Lab-3/pizza/target/classes:/home/codespace/.m2/repository/junit/junit/4.13.2/junit-4.13.2.jar:/home/codespace/.m2/repository/org/hamcrest/hamcrest-core/1.3/hamcrest-core-1.3.jar:"/>
    <property name="sun.cpu.endian" value="little"/>
    <property name="user.home" value="/home/codespace"/>
    <property name="user.language" value="en"/>
    <property name="java.specification.vendor" value="Oracle Corporation"/>
    <property name="java.version.date" value="2024-07-16"/>
    <property name="java.home" value="/usr/local/sdkman/candidates/java/21.0.4-ms"/>
    <property name="file.separator" value="/"/>
    <property name="basedir" value="/workspaces/2102-Lab-3/pizza"/>
    <property name="java.vm.compressedOopsMode" value="32-bit"/>
    <property name="line.separator" value="&#10;"/>
    <property name="java.specification.name" value="Java Platform API Specification"/>
    <property name="java.vm.specification.vendor" value="Oracle Corporation"/>
    <property name="surefire.real.class.path" value="/workspaces/2102-Lab-3/pizza/target/surefire/surefirebooter-20241008023737705_3.jar"/>
    <property name="sun.management.compiler" value="HotSpot 64-Bit Tiered Compilers"/>
    <property name="java.runtime.version" value="21.0.4+7-LTS"/>
    <property name="user.name" value="codespace"/>
    <property name="stdout.encoding" value="UTF-8"/>
    <property name="path.separator" value=":"/>
    <property name="os.version" value="6.5.0-1025-azure"/>
    <property name="java.runtime.name" value="OpenJDK Runtime Environment"/>
    <property name="file.encoding" value="UTF-8"/>
    <property name="java.vm.name" value="OpenJDK 64-Bit Server VM"/>
    <property name="java.vendor.version" value="Microsoft-9889606"/>
    <property name="localRepository" value="/home/codespace/.m2/repository"/>
    <property name="java.vendor.url.bug" value="https://github.com/microsoft/openjdk/issues"/>
    <property name="java.io.tmpdir" value="/tmp"/>
    <property name="java.version" value="21.0.4"/>
    <property name="user.dir" value="/workspaces/2102-Lab-3/pizza"/>
    <property name="os.arch" value="amd64"/>
    <property name="java.vm.specification.name" value="Java Virtual Machine Specification"/>
    <property name="native.encoding" value="UTF-8"/>
    <property name="java.library.path" value="/usr/java/packages/lib:/usr/lib64:/lib64:/lib:/usr/lib"/>
    <property name="java.vm.info" value="mixed mode, sharing"/>
    <property name="stderr.encoding" value="UTF-8"/>
    <property name="java.vendor" value="Microsoft"/>
    <property name="java.vm.version" value="21.0.4+7-LTS"/>
    <property name="sun.io.unicode.encoding" value="UnicodeLittle"/>
    <property name="java.class.version" value="65.0"/>
  </properties>
  <testcase name="GreekPizzaTest_1" classname="PizzaTests" time="0.009"/>
  <testcase name="GreekPizzaTest_2" classname="PizzaTests" time="0.0"/>
  <testcase name="GreekPizzaTest_3" classname="PizzaTests" time="0.01"/>
  <testcase name="GreekPizzaTest_4" classname="PizzaTests" time="0.001"/>
  <testcase name="GlutenFreePizzaTest_1" classname="PizzaTests" time="0.001"/>
  <testcase name="GlutenFreePizzaTest_2" classname="PizzaTests" time="0.0"/>
  <testcase name="GlutenFreePizzaTest_3" classname="PizzaTests" time="0.0"/>
  <testcase name="GlutenFreePizzaTest_4" classname="PizzaTests" time="0.003"/>
  <testcase name="PepperoniPizzaTest_1" classname="PizzaTests" time="0.0"/>
  <testcase name="PepperoniPizzaTest_2" classname="PizzaTests" time="0.0"/>
  <testcase name="PepperoniPizzaTest_3" classname="PizzaTests" time="0.0"/>
  <testcase name="PepperoniPizzaTest_4" classname="PizzaTests" time="0.001"/>
  <testcase name="errHelloAgain" classname="PizzaTests" time="0.003"/>
  <testcase name="CheesePizzaTest_1" classname="PizzaTests" time="0.003"/>
  <testcase name="CheesePizzaTest_2" classname="PizzaTests" time="0.001"/>
  <testcase name="CheesePizzaTest_3" classname="PizzaTests" time="0.002"/>
  <testcase name="CheesePizzaTest_4" classname="PizzaTests" time="0.0"/>
  <testcase name="outHelloCheck" classname="PizzaTests" time="0.004"/>
</testsuite>